c:\users\razvan-laptop\desktop\university\oop\lab_2_4_v2\lab_2_4_v2\x64\debug\vc141.pdb
c:\users\razvan-laptop\desktop\university\oop\lab_2_4_v2\lab_2_4_v2\x64\debug\vc141.idb
c:\users\razvan-laptop\desktop\university\oop\lab_2_4_v2\lab_2_4_v2\x64\debug\testservice.obj
c:\users\razvan-laptop\desktop\university\oop\lab_2_4_v2\lab_2_4_v2\x64\debug\source.obj
c:\users\razvan-laptop\desktop\university\oop\lab_2_4_v2\lab_2_4_v2\x64\debug\testrepository.obj
c:\users\razvan-laptop\desktop\university\oop\lab_2_4_v2\lab_2_4_v2\x64\debug\testdomain.obj
c:\users\razvan-laptop\desktop\university\oop\lab_2_4_v2\lab_2_4_v2\x64\debug\repository.obj
c:\users\razvan-laptop\desktop\university\oop\lab_2_4_v2\lab_2_4_v2\x64\debug\service.obj
c:\users\razvan-laptop\desktop\university\oop\lab_2_4_v2\lab_2_4_v2\x64\debug\validator.obj
c:\users\razvan-laptop\desktop\university\oop\lab_2_4_v2\lab_2_4_v2\x64\debug\domain.obj
c:\users\razvan-laptop\desktop\university\oop\lab_2_4_v2\x64\debug\lab_2_4_v2.exe
c:\users\razvan-laptop\desktop\university\oop\lab_2_4_v2\x64\debug\lab_2_4_v2.ilk
c:\users\razvan-laptop\desktop\university\oop\lab_2_4_v2\x64\debug\lab_2_4_v2.pdb
c:\users\razvan-laptop\desktop\university\oop\lab_2_4_v2\lab_2_4_v2\x64\debug\testvalidator.obj
c:\users\razvan-laptop\desktop\university\oop\lab_2_4_v2\lab_2_4_v2\x64\debug\lab_2_4_v2.tlog\cl.command.1.tlog
c:\users\razvan-laptop\desktop\university\oop\lab_2_4_v2\lab_2_4_v2\x64\debug\lab_2_4_v2.tlog\cl.read.1.tlog
c:\users\razvan-laptop\desktop\university\oop\lab_2_4_v2\lab_2_4_v2\x64\debug\lab_2_4_v2.tlog\cl.write.1.tlog
c:\users\razvan-laptop\desktop\university\oop\lab_2_4_v2\lab_2_4_v2\x64\debug\lab_2_4_v2.tlog\link.command.1.tlog
c:\users\razvan-laptop\desktop\university\oop\lab_2_4_v2\lab_2_4_v2\x64\debug\lab_2_4_v2.tlog\link.read.1.tlog
c:\users\razvan-laptop\desktop\university\oop\lab_2_4_v2\lab_2_4_v2\x64\debug\lab_2_4_v2.tlog\link.write.1.tlog
