[2020-04-09 08:58:44] [info] Start Program:
Path:"C:\\Users\\Razvan-Laptop\\Desktop\\University\\oop\\Lab6_7\\Debug\\Lab6_7.exe"
Arguments:
Working directory: "C:\\Users\\Razvan-Laptop\\Desktop\\University\\oop\\Lab6_7\\"
Modules: Selected: C:\Users\Razvan-Laptop\Desktop\University\oop\Lab6_7\Debug\Lab6_7.exe Excluded: 
Sources: Selected: C:\Users\Razvan-Laptop\Desktop\University\oop\Lab6_7 Excluded: Ui.h Ui.cpp 
Log Level: Normal
Cover Children: 0
Aggregate by file: 1
Continue after C++ exception: 0
Optimized build support: 0
Export: binary C:\Users\Razvan-Laptop\AppData\Local\Temp\4kshyuc1.udn 
Input coverage: 
Unified diff: 
Excluded line regular expressions: 
Substitute pdb source paths: 

[2020-04-09 08:58:44] [info] Module: C:\Users\Razvan-Laptop\Desktop\University\oop\Lab6_7\Debug\Lab6_7.exe is selected because it matches selected pattern: C:\Users\Razvan-Laptop\Desktop\University\oop\Lab6_7\Debug\Lab6_7.exe
[2020-04-09 08:58:45] [info] ----------------------------------------------------
[2020-04-09 08:58:45] [info] Coverage binary generated in file: C:\Users\Razvan-Laptop\AppData\Local\Temp\4kshyuc1.udn
[2020-04-09 08:58:45] [info] ----------------------------------------------------
