c:\users\razvan\desktop\university\oop\lab_2_4_static\project1\project1\debug\vc142.pdb
c:\users\razvan\desktop\university\oop\lab_2_4_static\project1\project1\debug\vc142.idb
c:\users\razvan\desktop\university\oop\lab_2_4_static\project1\project1\debug\testdomain.obj
c:\users\razvan\desktop\university\oop\lab_2_4_static\project1\project1\debug\source.obj
c:\users\razvan\desktop\university\oop\lab_2_4_static\project1\project1\debug\domain.obj
c:\users\razvan\desktop\university\oop\lab_2_4_static\project1\project1\debug\testrepository.obj
c:\users\razvan\desktop\university\oop\lab_2_4_static\project1\project1\debug\repository.obj
c:\users\razvan\desktop\university\oop\lab_2_4_static\project1\project1\debug\testservice.obj
c:\users\razvan\desktop\university\oop\lab_2_4_static\project1\project1\debug\service.obj
c:\users\razvan\desktop\university\oop\lab_2_4_static\project1\project1\debug\sorter.obj
c:\users\razvan\desktop\university\oop\project1\project1\debug\vc142.pdb
c:\users\razvan\desktop\university\oop\project1\project1\debug\vc142.idb
c:\users\razvan\desktop\university\oop\project1\project1\debug\testservice.obj
c:\users\razvan\desktop\university\oop\project1\project1\debug\testrepository.obj
c:\users\razvan\desktop\university\oop\project1\project1\debug\testdomain.obj
c:\users\razvan\desktop\university\oop\project1\project1\debug\source.obj
c:\users\razvan\desktop\university\oop\project1\project1\debug\sorter.obj
c:\users\razvan\desktop\university\oop\project1\project1\debug\service.obj
c:\users\razvan\desktop\university\oop\project1\project1\debug\repository.obj
c:\users\razvan\desktop\university\oop\project1\project1\debug\domain.obj
c:\users\razvan\desktop\university\oop\lab_2_4_static\project1\debug\project1.exe
c:\users\razvan\desktop\university\oop\lab_2_4_static\project1\debug\project1.ilk
c:\users\razvan\desktop\university\oop\lab_2_4_static\project1\debug\project1.pdb
c:\users\razvan\desktop\university\oop\project1\debug\project1.exe
c:\users\razvan\desktop\university\oop\project1\debug\project1.ilk
c:\users\razvan\desktop\university\oop\project1\debug\project1.pdb
c:\users\razvan\desktop\university\oop\project1\project1\debug\project1.tlog\cl.command.1.tlog
c:\users\razvan\desktop\university\oop\project1\project1\debug\project1.tlog\cl.read.1.tlog
c:\users\razvan\desktop\university\oop\project1\project1\debug\project1.tlog\cl.write.1.tlog
c:\users\razvan\desktop\university\oop\project1\project1\debug\project1.tlog\link.command.1.tlog
c:\users\razvan\desktop\university\oop\project1\project1\debug\project1.tlog\link.read.1.tlog
c:\users\razvan\desktop\university\oop\project1\project1\debug\project1.tlog\link.write.1.tlog
