[2020-03-24 09:42:30] [info] Start Program:
Path:"C:\\Users\\Razvan-Laptop\\Desktop\\University\\oop\\Lab_2_4_V2\\x64\\Debug\\Lab_2_4_V2.exe"
Arguments:
Working directory: "C:\\Users\\Razvan-Laptop\\Desktop\\University\\oop\\Lab_2_4_V2\\Lab_2_4_V2\\"
Modules: Selected: C:\Users\Razvan-Laptop\Desktop\University\oop\Lab_2_4_V2\x64\Debug\Lab_2_4_V2.exe Excluded: 
Sources: Selected: C:\Users\Razvan-Laptop\Desktop\University\oop\Lab_2_4_V2\Lab_2_4_V2 Excluded: Ui.h Ui.c 
Log Level: Normal
Cover Children: 0
Aggregate by file: 1
Continue after C++ exception: 0
Optimized build support: 0
Export: binary C:\Users\Razvan-Laptop\AppData\Local\Temp\x5ar5mj3.qta 
Input coverage: 
Unified diff: 
Excluded line regular expressions: 
Substitute pdb source paths: 

[2020-03-24 09:42:30] [info] Module: C:\Users\Razvan-Laptop\Desktop\University\oop\Lab_2_4_V2\x64\Debug\Lab_2_4_V2.exe is selected because it matches selected pattern: C:\Users\Razvan-Laptop\Desktop\University\oop\Lab_2_4_V2\x64\Debug\Lab_2_4_V2.exe
[2020-03-24 09:42:31] [info] ----------------------------------------------------
[2020-03-24 09:42:31] [info] Coverage binary generated in file: C:\Users\Razvan-Laptop\AppData\Local\Temp\x5ar5mj3.qta
[2020-03-24 09:42:31] [info] ----------------------------------------------------
