[2020-04-13 13:05:04] [info] Start Program:
Path:"C:\\Users\\Razvan-Laptop\\Desktop\\University\\oop\\Lab6_7_Iteratia2\\Debug\\Lab6_7.exe"
Arguments:
Working directory: "C:\\Users\\Razvan-Laptop\\Desktop\\University\\oop\\Lab6_7_Iteratia2\\"
Modules: Selected: C:\Users\Razvan-Laptop\Desktop\University\oop\Lab6_7_Iteratia2\Debug\Lab6_7.exe Excluded: 
Sources: Selected: C:\Users\Razvan-Laptop\Desktop\University\oop\Lab6_7_Iteratia2 Excluded: Ui.h UI.cpp 
Log Level: Normal
Cover Children: 0
Aggregate by file: 1
Continue after C++ exception: 0
Optimized build support: 0
Export: binary C:\Users\Razvan-Laptop\AppData\Local\Temp\tz2u33b3.3cu 
Input coverage: 
Unified diff: 
Excluded line regular expressions: 
Substitute pdb source paths: 

[2020-04-13 13:05:04] [info] Module: C:\Users\Razvan-Laptop\Desktop\University\oop\Lab6_7_Iteratia2\Debug\Lab6_7.exe is selected because it matches selected pattern: C:\Users\Razvan-Laptop\Desktop\University\oop\Lab6_7_Iteratia2\Debug\Lab6_7.exe
[2020-04-13 13:05:04] [info] ----------------------------------------------------
[2020-04-13 13:05:04] [info] Coverage binary generated in file: C:\Users\Razvan-Laptop\AppData\Local\Temp\tz2u33b3.3cu
[2020-04-13 13:05:04] [info] ----------------------------------------------------
